<?xml version="1.0" encoding="UTF-8"?>
<testng-results skipped="0" failed="0" ignored="0" total="2" passed="2">
  <reporter-output>
  </reporter-output>
  <suite name="Default suite" duration-ms="67" started-at="2020-06-09T15:50:53 IST" finished-at="2020-06-09T15:50:53 IST">
    <groups>
    </groups>
    <test name="Default test" duration-ms="67" started-at="2020-06-09T15:50:53 IST" finished-at="2020-06-09T15:50:53 IST">
      <class name="qaclickacademy.APITest">
        <test-method status="PASS" signature="PostJira()[pri:0, instance:qaclickacademy.APITest@2a556333]" name="PostJira" duration-ms="10" started-at="2020-06-09T15:50:53 IST" finished-at="2020-06-09T15:50:53 IST">
          <reporter-output>
          </reporter-output>
        </test-method> <!-- PostJira -->
        <test-method status="PASS" signature="deleteTwitter()[pri:0, instance:qaclickacademy.APITest@2a556333]" name="deleteTwitter" duration-ms="2" started-at="2020-06-09T15:50:53 IST" finished-at="2020-06-09T15:50:53 IST">
          <reporter-output>
          </reporter-output>
        </test-method> <!-- deleteTwitter -->
      </class> <!-- qaclickacademy.APITest -->
    </test> <!-- Default test -->
  </suite> <!-- Default suite -->
</testng-results>
